app/build/outputs/logs/manifest-merger-release-report.txt
-- Merging decision tree log ---
manifest
ADDED from src\main\AndroidManifest.xml:2:1-31:12
INJECTED from src\main\AndroidManifest.xml:2:1-31:12
INJECTED from src\main\AndroidManifest.xml:2:1-31:12
INJECTED from src\main\AndroidManifest.xml:2:1-31:12
MERGED from [com.android.support:design:28.0.0-alpha3] AndroidManifest.xml:17:1-24:12
MERGED from [com.android.support:appcompat-v7:28.0.0-alpha3] AndroidManifest.xml:17:1-22:12
MERGED from [com.android.support.constraint:constraint-layout:1.1.2] AndroidManifest.xml:2:1-11:12
MERGED from [com.android.support:support-v4:28.0.0-alpha3] AndroidManifest.xml:17:1-22:12
MERGED from [com.android.support:support-fragment:28.0.0-alpha3] AndroidManifest.xml:17:1-22:12
MERGED from [com.android.support:animated-vector-drawable:28.0.0-alpha3] AndroidManifest.xml:17:1-22:12
MERGED from [com.android.support:recyclerview-v7:28.0.0-alpha3] AndroidManifest.xml:17:1-22:12
MERGED from [com.android.support:support-core-ui:28.0.0-alpha3] AndroidManifest.xml:17:1-22:12
MERGED from [com.android.support:support-core-utils:28.0.0-alpha3] AndroidManifest.xml:17:1-22:12
MERGED from [com.android.support:support-vector-drawable:28.0.0-alpha3] AndroidManifest.xml:17:1-22:12
MERGED from [com.android.support:support-media-compat:28.0.0-alpha3] AndroidManifest.xml:17:1-22:12
MERGED from [com.android.support:transition:28.0.0-alpha3] AndroidManifest.xml:17:1-22:12
MERGED from [com.android.support:loader:28.0.0-alpha3] AndroidManifest.xml:17:1-22:12
MERGED from [com.android.support:viewpager:28.0.0-alpha3] AndroidManifest.xml:17:1-22:12
MERGED from [com.android.support:coordinatorlayout:28.0.0-alpha3] AndroidManifest.xml:17:1-22:12
MERGED from [com.android.support:drawerlayout:28.0.0-alpha3] AndroidManifest.xml:17:1-22:12
MERGED from [com.android.support:slidingpanelayout:28.0.0-alpha3] AndroidManifest.xml:17:1-22:12
MERGED from [com.android.support:customview:28.0.0-alpha3] AndroidManifest.xml:17:1-22:12
MERGED from [com.android.support:swiperefreshlayout:28.0.0-alpha3] AndroidManifest.xml:17:1-22:12
MERGED from [com.android.support:asynclayoutinflater:28.0.0-alpha3] AndroidManifest.xml:17:1-22:12
MERGED from [com.android.support:support-compat:28.0.0-alpha3] AndroidManifest.xml:17:1-24:12
MERGED from [com.android.support:cursoradapter:28.0.0-alpha3] AndroidManifest.xml:17:1-22:12
MERGED from [com.android.support:cardview-v7:28.0.0-alpha3] AndroidManifest.xml:17:1-22:12
MERGED from [android.arch.lifecycle:runtime:1.1.1] AndroidManifest.xml:17:1-22:12
MERGED from [com.android.support:versionedparcelable:28.0.0-alpha3] AndroidManifest.xml:17:1-25:12
MERGED from [com.android.support:documentfile:28.0.0-alpha3] AndroidManifest.xml:17:1-22:12
MERGED from [com.android.support:localbroadcastmanager:28.0.0-alpha3] AndroidManifest.xml:17:1-22:12
MERGED from [com.android.support:print:28.0.0-alpha3] AndroidManifest.xml:17:1-22:12
MERGED from [android.arch.lifecycle:viewmodel:1.1.1] AndroidManifest.xml:17:1-22:12
MERGED from [com.android.support:interpolator:28.0.0-alpha3] AndroidManifest.xml:17:1-22:12
MERGED from [android.arch.lifecycle:livedata-core:1.1.1] AndroidManifest.xml:17:1-22:12
MERGED from [android.arch.core:runtime:1.1.1] AndroidManifest.xml:17:1-22:12
INJECTED from src\main\AndroidManifest.xml:2:1-31:12
INJECTED from src\main\AndroidManifest.xml:2:1-31:12
INJECTED from src\main\AndroidManifest.xml:2:1-31:12
	package
		ADDED from src\main\AndroidManifest.xml:3:5-51
		INJECTED from src\main\AndroidManifest.xml
		INJECTED from src\main\AndroidManifest.xml
	android:versionName
		INJECTED from src\main\AndroidManifest.xml
		ADDED from src\main\AndroidManifest.xml:2:1-31:12
		INJECTED from src\main\AndroidManifest.xml
	android:versionCode
		INJECTED from src\main\AndroidManifest.xml
		ADDED from src\main\AndroidManifest.xml:2:1-31:12
		INJECTED from src\main\AndroidManifest.xml
	xmlns:android
		ADDED from src\main\AndroidManifest.xml:2:11-69
application
ADDED from src\main\AndroidManifest.xml:5:5-29:19
MERGED from [com.android.support:design:28.0.0-alpha3] AndroidManifest.xml:22:5-20
MERGED from [com.android.support:design:28.0.0-alpha3] AndroidManifest.xml:22:5-20
MERGED from [com.android.support.constraint:constraint-layout:1.1.2] AndroidManifest.xml:9:5-20
MERGED from [com.android.support.constraint:constraint-layout:1.1.2] AndroidManifest.xml:9:5-20
MERGED from [com.android.support:support-compat:28.0.0-alpha3] AndroidManifest.xml:22:5-94
MERGED from [com.android.support:support-compat:28.0.0-alpha3] AndroidManifest.xml:22:5-94
MERGED from [com.android.support:versionedparcelable:28.0.0-alpha3] AndroidManifest.xml:22:5-23:19
MERGED from [com.android.support:versionedparcelable:28.0.0-alpha3] AndroidManifest.xml:22:5-23:19
	android:appComponentFactory
		ADDED from [com.android.support:support-compat:28.0.0-alpha3] AndroidManifest.xml:22:18-91
	android:supportsRtl
		ADDED from src\main\AndroidManifest.xml:9:9-35
	android:label
		ADDED from src\main\AndroidManifest.xml:8:9-30
	android:icon
		ADDED from src\main\AndroidManifest.xml:7:9-41
	android:allowBackup
		ADDED from src\main\AndroidManifest.xml:6:9-35
	android:theme
		ADDED from src\main\AndroidManifest.xml:10:9-40
activity#com.example.muhammadubaidullah.appic.SplashActivity
ADDED from src\main\AndroidManifest.xml:11:9-17:20
	android:name
		ADDED from src\main\AndroidManifest.xml:11:19-49
intent-filter#action:name:android.intent.action.MAIN+category:name:android.intent.category.LAUNCHER
ADDED from src\main\AndroidManifest.xml:12:13-16:29
action#android.intent.action.MAIN
ADDED from src\main\AndroidManifest.xml:13:17-69
	android:name
		ADDED from src\main\AndroidManifest.xml:13:25-66
category#android.intent.category.LAUNCHER
ADDED from src\main\AndroidManifest.xml:15:17-77
	android:name
		ADDED from src\main\AndroidManifest.xml:15:27-74
activity#com.example.muhammadubaidullah.appic.MainActivity
ADDED from src\main\AndroidManifest.xml:18:9-20:37
	android:label
		ADDED from src\main\AndroidManifest.xml:20:13-34
	android:name
		ADDED from src\main\AndroidManifest.xml:19:13-41
activity#com.example.muhammadubaidullah.appic.CreditsActivity
ADDED from src\main\AndroidManifest.xml:21:9-22:57
	android:parentActivityName
		ADDED from src\main\AndroidManifest.xml:22:13-55
	android:name
		ADDED from src\main\AndroidManifest.xml:21:19-50
activity#com.example.muhammadubaidullah.appic.ContainerActivityTwo
ADDED from src\main\AndroidManifest.xml:24:9-28:67
	android:parentActivityName
		ADDED from src\main\AndroidManifest.xml:28:13-55
	android:label
		ADDED from src\main\AndroidManifest.xml:26:13-65
	android:theme
		ADDED from src\main\AndroidManifest.xml:27:13-44
	android:name
		ADDED from src\main\AndroidManifest.xml:25:13-49
uses-sdk
INJECTED from src\main\AndroidManifest.xml reason: use-sdk injection requested
INJECTED from src\main\AndroidManifest.xml
INJECTED from src\main\AndroidManifest.xml
MERGED from [com.android.support:design:28.0.0-alpha3] AndroidManifest.xml:20:5-44
MERGED from [com.android.support:design:28.0.0-alpha3] AndroidManifest.xml:20:5-44
MERGED from [com.android.support:appcompat-v7:28.0.0-alpha3] AndroidManifest.xml:20:5-44
MERGED from [com.android.support:appcompat-v7:28.0.0-alpha3] AndroidManifest.xml:20:5-44
MERGED from [com.android.support.constraint:constraint-layout:1.1.2] AndroidManifest.xml:5:5-7:41
MERGED from [com.android.support.constraint:constraint-layout:1.1.2] AndroidManifest.xml:5:5-7:41
MERGED from [com.android.support:support-v4:28.0.0-alpha3] AndroidManifest.xml:20:5-44
MERGED from [com.android.support:support-v4:28.0.0-alpha3] AndroidManifest.xml:20:5-44
MERGED from [com.android.support:support-fragment:28.0.0-alpha3] AndroidManifest.xml:20:5-44
MERGED from [com.android.support:support-fragment:28.0.0-alpha3] AndroidManifest.xml:20:5-44
MERGED from [com.android.support:animated-vector-drawable:28.0.0-alpha3] AndroidManifest.xml:20:5-44
MERGED from [com.android.support:animated-vector-drawable:28.0.0-alpha3] AndroidManifest.xml:20:5-44
MERGED from [com.android.support:recyclerview-v7:28.0.0-alpha3] AndroidManifest.xml:20:5-44
MERGED from [com.android.support:recyclerview-v7:28.0.0-alpha3] AndroidManifest.xml:20:5-44
MERGED from [com.android.support:support-core-ui:28.0.0-alpha3] AndroidManifest.xml:20:5-44
MERGED from [com.android.support:support-core-ui:28.0.0-alpha3] AndroidManifest.xml:20:5-44
MERGED from [com.android.support:support-core-utils:28.0.0-alpha3] AndroidManifest.xml:20:5-44
MERGED from [com.android.support:support-core-utils:28.0.0-alpha3] AndroidManifest.xml:20:5-44
MERGED from [com.android.support:support-vector-drawable:28.0.0-alpha3] AndroidManifest.xml:20:5-44
MERGED from [com.android.support:support-vector-drawable:28.0.0-alpha3] AndroidManifest.xml:20:5-44
MERGED from [com.android.support:support-media-compat:28.0.0-alpha3] AndroidManifest.xml:20:5-44
MERGED from [com.android.support:support-media-compat:28.0.0-alpha3] AndroidManifest.xml:20:5-44
MERGED from [com.android.support:transition:28.0.0-alpha3] AndroidManifest.xml:20:5-44
MERGED from [com.android.support:transition:28.0.0-alpha3] AndroidManifest.xml:20:5-44
MERGED from [com.android.support:loader:28.0.0-alpha3] AndroidManifest.xml:20:5-44
MERGED from [com.android.support:loader:28.0.0-alpha3] AndroidManifest.xml:20:5-44
MERGED from [com.android.support:viewpager:28.0.0-alpha3] AndroidManifest.xml:20:5-44
MERGED from [com.android.support:viewpager:28.0.0-alpha3] AndroidManifest.xml:20:5-44
MERGED from [com.android.support:coordinatorlayout:28.0.0-alpha3] AndroidManifest.xml:20:5-44
MERGED from [com.android.support:coordinatorlayout:28.0.0-alpha3] AndroidManifest.xml:20:5-44
MERGED from [com.android.support:drawerlayout:28.0.0-alpha3] AndroidManifest.xml:20:5-44
MERGED from [com.android.support:drawerlayout:28.0.0-alpha3] AndroidManifest.xml:20:5-44
MERGED from [com.android.support:slidingpanelayout:28.0.0-alpha3] AndroidManifest.xml:20:5-44
MERGED from [com.android.support:slidingpanelayout:28.0.0-alpha3] AndroidManifest.xml:20:5-44
MERGED from [com.android.support:customview:28.0.0-alpha3] AndroidManifest.xml:20:5-44
MERGED from [com.android.support:customview:28.0.0-alpha3] AndroidManifest.xml:20:5-44
MERGED from [com.android.support:swiperefreshlayout:28.0.0-alpha3] AndroidManifest.xml:20:5-44
MERGED from [com.android.support:swiperefreshlayout:28.0.0-alpha3] AndroidManifest.xml:20:5-44
MERGED from [com.android.support:asynclayoutinflater:28.0.0-alpha3] AndroidManifest.xml:20:5-44
MERGED from [com.android.support:asynclayoutinflater:28.0.0-alpha3] AndroidManifest.xml:20:5-44
MERGED from [com.android.support:support-compat:28.0.0-alpha3] AndroidManifest.xml:20:5-44
MERGED from [com.android.support:support-compat:28.0.0-alpha3] AndroidManifest.xml:20:5-44
MERGED from [com.android.support:cursoradapter:28.0.0-alpha3] AndroidManifest.xml:20:5-44
MERGED from [com.android.support:cursoradapter:28.0.0-alpha3] AndroidManifest.xml:20:5-44
MERGED from [com.android.support:cardview-v7:28.0.0-alpha3] AndroidManifest.xml:20:5-44
MERGED from [com.android.support:cardview-v7:28.0.0-alpha3] AndroidManifest.xml:20:5-44
MERGED from [android.arch.lifecycle:runtime:1.1.1] AndroidManifest.xml:20:5-44
MERGED from [android.arch.lifecycle:runtime:1.1.1] AndroidManifest.xml:20:5-44
MERGED from [com.android.support:versionedparcelable:28.0.0-alpha3] AndroidManifest.xml:20:5-44
MERGED from [com.android.support:versionedparcelable:28.0.0-alpha3] AndroidManifest.xml:20:5-44
MERGED from [com.android.support:documentfile:28.0.0-alpha3] AndroidManifest.xml:20:5-44
MERGED from [com.android.support:documentfile:28.0.0-alpha3] AndroidManifest.xml:20:5-44
MERGED from [com.android.support:localbroadcastmanager:28.0.0-alpha3] AndroidManifest.xml:20:5-44
MERGED from [com.android.support:localbroadcastmanager:28.0.0-alpha3] AndroidManifest.xml:20:5-44
MERGED from [com.android.support:print:28.0.0-alpha3] AndroidManifest.xml:20:5-44
MERGED from [com.android.support:print:28.0.0-alpha3] AndroidManifest.xml:20:5-44
MERGED from [android.arch.lifecycle:viewmodel:1.1.1] AndroidManifest.xml:20:5-44
MERGED from [android.arch.lifecycle:viewmodel:1.1.1] AndroidManifest.xml:20:5-44
MERGED from [com.android.support:interpolator:28.0.0-alpha3] AndroidManifest.xml:20:5-44
MERGED from [com.android.support:interpolator:28.0.0-alpha3] AndroidManifest.xml:20:5-44
MERGED from [android.arch.lifecycle:livedata-core:1.1.1] AndroidManifest.xml:20:5-44
MERGED from [android.arch.lifecycle:livedata-core:1.1.1] AndroidManifest.xml:20:5-44
MERGED from [android.arch.core:runtime:1.1.1] AndroidManifest.xml:20:5-44
MERGED from [android.arch.core:runtime:1.1.1] AndroidManifest.xml:20:5-44
INJECTED from src\main\AndroidManifest.xml
INJECTED from src\main\AndroidManifest.xml
	android:targetSdkVersion
		INJECTED from src\main\AndroidManifest.xml
		ADDED from src\main\AndroidManifest.xml
		INJECTED from src\main\AndroidManifest.xml
	android:minSdkVersion
		INJECTED from src\main\AndroidManifest.xml
		ADDED from src\main\AndroidManifest.xml
		INJECTED from src\main\AndroidManifest.xml